

Started GET "/favicon.ico" for 127.0.0.1 at 2016-05-14 10:50:39 -0400
Connecting to database specified by database.yml

ActionController::RoutingError (No route matches [GET] "/favicon.ico"):
  actionpack (3.2.22) lib/action_dispatch/middleware/debug_exceptions.rb:21:in `call'
  actionpack (3.2.22) lib/action_dispatch/middleware/show_exceptions.rb:56:in `call'
  railties (3.2.22) lib/rails/rack/logger.rb:32:in `call_app'
  railties (3.2.22) lib/rails/rack/logger.rb:16:in `block in call'
  activesupport (3.2.22) lib/active_support/tagged_logging.rb:22:in `tagged'
  railties (3.2.22) lib/rails/rack/logger.rb:16:in `call'
  actionpack (3.2.22) lib/action_dispatch/middleware/request_id.rb:22:in `call'
  rack (1.4.7) lib/rack/methodoverride.rb:21:in `call'
  rack (1.4.7) lib/rack/runtime.rb:17:in `call'
  activesupport (3.2.22) lib/active_support/cache/strategy/local_cache.rb:72:in `call'
  rack (1.4.7) lib/rack/lock.rb:15:in `call'
  actionpack (3.2.22) lib/action_dispatch/middleware/static.rb:83:in `call'
  railties (3.2.22) lib/rails/engine.rb:484:in `call'
  railties (3.2.22) lib/rails/application.rb:231:in `call'
  rack (1.4.7) lib/rack/content_length.rb:14:in `call'
  railties (3.2.22) lib/rails/rack/log_tailer.rb:17:in `call'
  rack (1.4.7) lib/rack/handler/webrick.rb:59:in `service'
  /usr/share/ruby/webrick/httpserver.rb:138:in `service'
  /usr/share/ruby/webrick/httpserver.rb:94:in `run'
  /usr/share/ruby/webrick/server.rb:295:in `block in start_thread'


  Rendered /home/bdriskill/.gem/ruby/gems/actionpack-3.2.22/lib/action_dispatch/middleware/templates/rescues/routing_error.erb within rescues/layout (1.0ms)
