Connecting to database specified by database.yml
Connecting to database specified by database.yml
Connecting to database specified by database.yml
Connecting to database specified by database.yml
Compiled jquery.js  (2ms)  (pid 4986)
Compiled jquery_ujs.js  (0ms)  (pid 4986)
Compiled bootstrap/affix.js  (0ms)  (pid 4986)
Compiled bootstrap/alert.js  (0ms)  (pid 4986)
Compiled bootstrap/button.js  (0ms)  (pid 4986)
Compiled bootstrap/carousel.js  (0ms)  (pid 4986)
Compiled bootstrap/collapse.js  (0ms)  (pid 4986)
Compiled bootstrap/dropdown.js  (0ms)  (pid 4986)
Compiled bootstrap/tab.js  (0ms)  (pid 4986)
Compiled bootstrap/transition.js  (0ms)  (pid 4986)
Compiled bootstrap/scrollspy.js  (0ms)  (pid 4986)
Compiled bootstrap/modal.js  (0ms)  (pid 4986)
Compiled bootstrap/tooltip.js  (0ms)  (pid 4986)
Compiled bootstrap/popover.js  (0ms)  (pid 4986)
Compiled bootstrap-sprockets.js  (188ms)  (pid 4986)
Compiled application.js  (269ms)  (pid 4986)
Warning. Error encountered while saving cache /home/bdriskill/workspace/FallingLava/tmp/cache/sass/0d3ef1028e8bb6cdfe763fe4c4af766f0516941f/application.css.sassc: can't dump anonymous class #<Class:0x00000002b21018>

Warning. Error encountered while saving cache /home/bdriskill/workspace/FallingLava/tmp/cache/sass/efdcc5a24c5e228bde77b8d460d33a9413dfdf50/_bootstrap-sprockets.scssc: can't dump anonymous class #<Class:0x00000002b21018>

Warning. Error encountered while saving cache /home/bdriskill/workspace/FallingLava/tmp/cache/sass/efdcc5a24c5e228bde77b8d460d33a9413dfdf50/_bootstrap.scssc: can't dump anonymous class #<Class:0x00000002b21018>

Warning. Error encountered while saving cache /home/bdriskill/workspace/FallingLava/tmp/cache/sass/0991b04194e517797516ef874688e3bbb1a4252d/_variables.scssc: can't dump anonymous class #<Class:0x00000002b21018>

Warning. Error encountered while saving cache /home/bdriskill/workspace/FallingLava/tmp/cache/sass/0991b04194e517797516ef874688e3bbb1a4252d/_mixins.scssc: can't dump anonymous class #<Class:0x00000002b21018>

Warning. Error encountered while saving cache /home/bdriskill/workspace/FallingLava/tmp/cache/sass/48bb6cd3dce483eb5fc9f67b9c0831ee92870480/_hide-text.scssc: can't dump anonymous class #<Class:0x00000002b21018>

Warning. Error encountered while saving cache /home/bdriskill/workspace/FallingLava/tmp/cache/sass/48bb6cd3dce483eb5fc9f67b9c0831ee92870480/_opacity.scssc: can't dump anonymous class #<Class:0x00000002b21018>

Warning. Error encountered while saving cache /home/bdriskill/workspace/FallingLava/tmp/cache/sass/48bb6cd3dce483eb5fc9f67b9c0831ee92870480/_image.scssc: can't dump anonymous class #<Class:0x00000002b21018>

Warning. Error encountered while saving cache /home/bdriskill/workspace/FallingLava/tmp/cache/sass/48bb6cd3dce483eb5fc9f67b9c0831ee92870480/_labels.scssc: can't dump anonymous class #<Class:0x00000002b21018>

Warning. Error encountered while saving cache /home/bdriskill/workspace/FallingLava/tmp/cache/sass/48bb6cd3dce483eb5fc9f67b9c0831ee92870480/_reset-filter.scssc: can't dump anonymous class #<Class:0x00000002b21018>

Warning. Error encountered while saving cache /home/bdriskill/workspace/FallingLava/tmp/cache/sass/48bb6cd3dce483eb5fc9f67b9c0831ee92870480/_resize.scssc: can't dump anonymous class #<Class:0x00000002b21018>

Warning. Error encountered while saving cache /home/bdriskill/workspace/FallingLava/tmp/cache/sass/48bb6cd3dce483eb5fc9f67b9c0831ee92870480/_responsive-visibility.scssc: can't dump anonymous class #<Class:0x00000002b21018>

Warning. Error encountered while saving cache /home/bdriskill/workspace/FallingLava/tmp/cache/sass/48bb6cd3dce483eb5fc9f67b9c0831ee92870480/_size.scssc: can't dump anonymous class #<Class:0x00000002b21018>

Warning. Error encountered while saving cache /home/bdriskill/workspace/FallingLava/tmp/cache/sass/48bb6cd3dce483eb5fc9f67b9c0831ee92870480/_tab-focus.scssc: can't dump anonymous class #<Class:0x00000002b21018>

Warning. Error encountered while saving cache /home/bdriskill/workspace/FallingLava/tmp/cache/sass/48bb6cd3dce483eb5fc9f67b9c0831ee92870480/_text-emphasis.scssc: can't dump anonymous class #<Class:0x00000002b21018>

Warning. Error encountered while saving cache /home/bdriskill/workspace/FallingLava/tmp/cache/sass/48bb6cd3dce483eb5fc9f67b9c0831ee92870480/_text-overflow.scssc: can't dump anonymous class #<Class:0x00000002b21018>

Warning. Error encountered while saving cache /home/bdriskill/workspace/FallingLava/tmp/cache/sass/48bb6cd3dce483eb5fc9f67b9c0831ee92870480/_vendor-prefixes.scssc: can't dump anonymous class #<Class:0x00000002b21018>

Warning. Error encountered while saving cache /home/bdriskill/workspace/FallingLava/tmp/cache/sass/48bb6cd3dce483eb5fc9f67b9c0831ee92870480/_alerts.scssc: can't dump anonymous class #<Class:0x00000002b21018>

Warning. Error encountered while saving cache /home/bdriskill/workspace/FallingLava/tmp/cache/sass/48bb6cd3dce483eb5fc9f67b9c0831ee92870480/_buttons.scssc: can't dump anonymous class #<Class:0x00000002b21018>

Warning. Error encountered while saving cache /home/bdriskill/workspace/FallingLava/tmp/cache/sass/48bb6cd3dce483eb5fc9f67b9c0831ee92870480/_panels.scssc: can't dump anonymous class #<Class:0x00000002b21018>

Warning. Error encountered while saving cache /home/bdriskill/workspace/FallingLava/tmp/cache/sass/48bb6cd3dce483eb5fc9f67b9c0831ee92870480/_pagination.scssc: can't dump anonymous class #<Class:0x00000002b21018>

Warning. Error encountered while saving cache /home/bdriskill/workspace/FallingLava/tmp/cache/sass/48bb6cd3dce483eb5fc9f67b9c0831ee92870480/_list-group.scssc: can't dump anonymous class #<Class:0x00000002b21018>

Warning. Error encountered while saving cache /home/bdriskill/workspace/FallingLava/tmp/cache/sass/48bb6cd3dce483eb5fc9f67b9c0831ee92870480/_nav-divider.scssc: can't dump anonymous class #<Class:0x00000002b21018>

Warning. Error encountered while saving cache /home/bdriskill/workspace/FallingLava/tmp/cache/sass/48bb6cd3dce483eb5fc9f67b9c0831ee92870480/_forms.scssc: can't dump anonymous class #<Class:0x00000002b21018>

Warning. Error encountered while saving cache /home/bdriskill/workspace/FallingLava/tmp/cache/sass/48bb6cd3dce483eb5fc9f67b9c0831ee92870480/_progress-bar.scssc: can't dump anonymous class #<Class:0x00000002b21018>

Warning. Error encountered while saving cache /home/bdriskill/workspace/FallingLava/tmp/cache/sass/48bb6cd3dce483eb5fc9f67b9c0831ee92870480/_table-row.scssc: can't dump anonymous class #<Class:0x00000002b21018>

Warning. Error encountered while saving cache /home/bdriskill/workspace/FallingLava/tmp/cache/sass/48bb6cd3dce483eb5fc9f67b9c0831ee92870480/_background-variant.scssc: can't dump anonymous class #<Class:0x00000002b21018>

Warning. Error encountered while saving cache /home/bdriskill/workspace/FallingLava/tmp/cache/sass/48bb6cd3dce483eb5fc9f67b9c0831ee92870480/_border-radius.scssc: can't dump anonymous class #<Class:0x00000002b21018>

Warning. Error encountered while saving cache /home/bdriskill/workspace/FallingLava/tmp/cache/sass/48bb6cd3dce483eb5fc9f67b9c0831ee92870480/_gradients.scssc: can't dump anonymous class #<Class:0x00000002b21018>

Warning. Error encountered while saving cache /home/bdriskill/workspace/FallingLava/tmp/cache/sass/48bb6cd3dce483eb5fc9f67b9c0831ee92870480/_clearfix.scssc: can't dump anonymous class #<Class:0x00000002b21018>

Warning. Error encountered while saving cache /home/bdriskill/workspace/FallingLava/tmp/cache/sass/48bb6cd3dce483eb5fc9f67b9c0831ee92870480/_center-block.scssc: can't dump anonymous class #<Class:0x00000002b21018>

Warning. Error encountered while saving cache /home/bdriskill/workspace/FallingLava/tmp/cache/sass/48bb6cd3dce483eb5fc9f67b9c0831ee92870480/_nav-vertical-align.scssc: can't dump anonymous class #<Class:0x00000002b21018>

Warning. Error encountered while saving cache /home/bdriskill/workspace/FallingLava/tmp/cache/sass/48bb6cd3dce483eb5fc9f67b9c0831ee92870480/_grid-framework.scssc: can't dump anonymous class #<Class:0x00000002b21018>

Warning. Error encountered while saving cache /home/bdriskill/workspace/FallingLava/tmp/cache/sass/48bb6cd3dce483eb5fc9f67b9c0831ee92870480/_grid.scssc: can't dump anonymous class #<Class:0x00000002b21018>

Warning. Error encountered while saving cache /home/bdriskill/workspace/FallingLava/tmp/cache/sass/0991b04194e517797516ef874688e3bbb1a4252d/_normalize.scssc: can't dump anonymous class #<Class:0x00000002b21018>

Warning. Error encountered while saving cache /home/bdriskill/workspace/FallingLava/tmp/cache/sass/0991b04194e517797516ef874688e3bbb1a4252d/_print.scssc: can't dump anonymous class #<Class:0x00000002b21018>

Warning. Error encountered while saving cache /home/bdriskill/workspace/FallingLava/tmp/cache/sass/0991b04194e517797516ef874688e3bbb1a4252d/_glyphicons.scssc: can't dump anonymous class #<Class:0x00000002b21018>

Warning. Error encountered while saving cache /home/bdriskill/workspace/FallingLava/tmp/cache/sass/0991b04194e517797516ef874688e3bbb1a4252d/_scaffolding.scssc: can't dump anonymous class #<Class:0x00000002b21018>

Warning. Error encountered while saving cache /home/bdriskill/workspace/FallingLava/tmp/cache/sass/0991b04194e517797516ef874688e3bbb1a4252d/_type.scssc: can't dump anonymous class #<Class:0x00000002b21018>

Warning. Error encountered while saving cache /home/bdriskill/workspace/FallingLava/tmp/cache/sass/0991b04194e517797516ef874688e3bbb1a4252d/_code.scssc: can't dump anonymous class #<Class:0x00000002b21018>

Warning. Error encountered while saving cache /home/bdriskill/workspace/FallingLava/tmp/cache/sass/0991b04194e517797516ef874688e3bbb1a4252d/_grid.scssc: can't dump anonymous class #<Class:0x00000002b21018>

Warning. Error encountered while saving cache /home/bdriskill/workspace/FallingLava/tmp/cache/sass/0991b04194e517797516ef874688e3bbb1a4252d/_tables.scssc: can't dump anonymous class #<Class:0x00000002b21018>

Warning. Error encountered while saving cache /home/bdriskill/workspace/FallingLava/tmp/cache/sass/0991b04194e517797516ef874688e3bbb1a4252d/_forms.scssc: can't dump anonymous class #<Class:0x00000002b21018>

Warning. Error encountered while saving cache /home/bdriskill/workspace/FallingLava/tmp/cache/sass/0991b04194e517797516ef874688e3bbb1a4252d/_buttons.scssc: can't dump anonymous class #<Class:0x00000002b21018>

Warning. Error encountered while saving cache /home/bdriskill/workspace/FallingLava/tmp/cache/sass/0991b04194e517797516ef874688e3bbb1a4252d/_component-animations.scssc: can't dump anonymous class #<Class:0x00000002b21018>

Warning. Error encountered while saving cache /home/bdriskill/workspace/FallingLava/tmp/cache/sass/0991b04194e517797516ef874688e3bbb1a4252d/_dropdowns.scssc: can't dump anonymous class #<Class:0x00000002b21018>

Warning. Error encountered while saving cache /home/bdriskill/workspace/FallingLava/tmp/cache/sass/0991b04194e517797516ef874688e3bbb1a4252d/_button-groups.scssc: can't dump anonymous class #<Class:0x00000002b21018>

Warning. Error encountered while saving cache /home/bdriskill/workspace/FallingLava/tmp/cache/sass/0991b04194e517797516ef874688e3bbb1a4252d/_input-groups.scssc: can't dump anonymous class #<Class:0x00000002b21018>

Warning. Error encountered while saving cache /home/bdriskill/workspace/FallingLava/tmp/cache/sass/0991b04194e517797516ef874688e3bbb1a4252d/_navs.scssc: can't dump anonymous class #<Class:0x00000002b21018>

Warning. Error encountered while saving cache /home/bdriskill/workspace/FallingLava/tmp/cache/sass/0991b04194e517797516ef874688e3bbb1a4252d/_navbar.scssc: can't dump anonymous class #<Class:0x00000002b21018>

Warning. Error encountered while saving cache /home/bdriskill/workspace/FallingLava/tmp/cache/sass/0991b04194e517797516ef874688e3bbb1a4252d/_breadcrumbs.scssc: can't dump anonymous class #<Class:0x00000002b21018>

Warning. Error encountered while saving cache /home/bdriskill/workspace/FallingLava/tmp/cache/sass/0991b04194e517797516ef874688e3bbb1a4252d/_pagination.scssc: can't dump anonymous class #<Class:0x00000002b21018>

Warning. Error encountered while saving cache /home/bdriskill/workspace/FallingLava/tmp/cache/sass/0991b04194e517797516ef874688e3bbb1a4252d/_pager.scssc: can't dump anonymous class #<Class:0x00000002b21018>

Warning. Error encountered while saving cache /home/bdriskill/workspace/FallingLava/tmp/cache/sass/0991b04194e517797516ef874688e3bbb1a4252d/_labels.scssc: can't dump anonymous class #<Class:0x00000002b21018>

Warning. Error encountered while saving cache /home/bdriskill/workspace/FallingLava/tmp/cache/sass/0991b04194e517797516ef874688e3bbb1a4252d/_badges.scssc: can't dump anonymous class #<Class:0x00000002b21018>

Warning. Error encountered while saving cache /home/bdriskill/workspace/FallingLava/tmp/cache/sass/0991b04194e517797516ef874688e3bbb1a4252d/_jumbotron.scssc: can't dump anonymous class #<Class:0x00000002b21018>

Warning. Error encountered while saving cache /home/bdriskill/workspace/FallingLava/tmp/cache/sass/0991b04194e517797516ef874688e3bbb1a4252d/_thumbnails.scssc: can't dump anonymous class #<Class:0x00000002b21018>

Warning. Error encountered while saving cache /home/bdriskill/workspace/FallingLava/tmp/cache/sass/0991b04194e517797516ef874688e3bbb1a4252d/_alerts.scssc: can't dump anonymous class #<Class:0x00000002b21018>

Warning. Error encountered while saving cache /home/bdriskill/workspace/FallingLava/tmp/cache/sass/0991b04194e517797516ef874688e3bbb1a4252d/_progress-bars.scssc: can't dump anonymous class #<Class:0x00000002b21018>

Warning. Error encountered while saving cache /home/bdriskill/workspace/FallingLava/tmp/cache/sass/0991b04194e517797516ef874688e3bbb1a4252d/_media.scssc: can't dump anonymous class #<Class:0x00000002b21018>

Warning. Error encountered while saving cache /home/bdriskill/workspace/FallingLava/tmp/cache/sass/0991b04194e517797516ef874688e3bbb1a4252d/_list-group.scssc: can't dump anonymous class #<Class:0x00000002b21018>

Warning. Error encountered while saving cache /home/bdriskill/workspace/FallingLava/tmp/cache/sass/0991b04194e517797516ef874688e3bbb1a4252d/_panels.scssc: can't dump anonymous class #<Class:0x00000002b21018>

Warning. Error encountered while saving cache /home/bdriskill/workspace/FallingLava/tmp/cache/sass/0991b04194e517797516ef874688e3bbb1a4252d/_responsive-embed.scssc: can't dump anonymous class #<Class:0x00000002b21018>

Warning. Error encountered while saving cache /home/bdriskill/workspace/FallingLava/tmp/cache/sass/0991b04194e517797516ef874688e3bbb1a4252d/_wells.scssc: can't dump anonymous class #<Class:0x00000002b21018>

Warning. Error encountered while saving cache /home/bdriskill/workspace/FallingLava/tmp/cache/sass/0991b04194e517797516ef874688e3bbb1a4252d/_close.scssc: can't dump anonymous class #<Class:0x00000002b21018>

Warning. Error encountered while saving cache /home/bdriskill/workspace/FallingLava/tmp/cache/sass/0991b04194e517797516ef874688e3bbb1a4252d/_modals.scssc: can't dump anonymous class #<Class:0x00000002b21018>

Warning. Error encountered while saving cache /home/bdriskill/workspace/FallingLava/tmp/cache/sass/0991b04194e517797516ef874688e3bbb1a4252d/_tooltip.scssc: can't dump anonymous class #<Class:0x00000002b21018>

Warning. Error encountered while saving cache /home/bdriskill/workspace/FallingLava/tmp/cache/sass/0991b04194e517797516ef874688e3bbb1a4252d/_popovers.scssc: can't dump anonymous class #<Class:0x00000002b21018>

Warning. Error encountered while saving cache /home/bdriskill/workspace/FallingLava/tmp/cache/sass/0991b04194e517797516ef874688e3bbb1a4252d/_carousel.scssc: can't dump anonymous class #<Class:0x00000002b21018>

Warning. Error encountered while saving cache /home/bdriskill/workspace/FallingLava/tmp/cache/sass/0991b04194e517797516ef874688e3bbb1a4252d/_utilities.scssc: can't dump anonymous class #<Class:0x00000002b21018>

Warning. Error encountered while saving cache /home/bdriskill/workspace/FallingLava/tmp/cache/sass/0991b04194e517797516ef874688e3bbb1a4252d/_responsive-utilities.scssc: can't dump anonymous class #<Class:0x00000002b21018>

Compiled application.css  (2807ms)  (pid 4986)
Connecting to database specified by database.yml
Compiled jquery.js  (2ms)  (pid 4986)
Compiled jquery_ujs.js  (0ms)  (pid 4986)
Compiled bootstrap/affix.js  (0ms)  (pid 4986)
Compiled bootstrap/alert.js  (0ms)  (pid 4986)
Compiled bootstrap/button.js  (0ms)  (pid 4986)
Compiled bootstrap/carousel.js  (0ms)  (pid 4986)
Compiled bootstrap/collapse.js  (0ms)  (pid 4986)
Compiled bootstrap/dropdown.js  (0ms)  (pid 4986)
Compiled bootstrap/tab.js  (0ms)  (pid 4986)
Compiled bootstrap/transition.js  (0ms)  (pid 4986)
Compiled bootstrap/scrollspy.js  (0ms)  (pid 4986)
Compiled bootstrap/modal.js  (0ms)  (pid 4986)
Compiled bootstrap/tooltip.js  (0ms)  (pid 4986)
Compiled bootstrap/popover.js  (0ms)  (pid 4986)
Compiled bootstrap-sprockets.js  (173ms)  (pid 4986)
Compiled application.js  (261ms)  (pid 4986)
Warning. Error encountered while saving cache /home/bdriskill/workspace/FallingLava/tmp/cache/sass/0d3ef1028e8bb6cdfe763fe4c4af766f0516941f/application.css.sassc: can't dump anonymous class #<Class:0x00000004879660>

Warning. Error encountered while saving cache /home/bdriskill/workspace/FallingLava/tmp/cache/sass/efdcc5a24c5e228bde77b8d460d33a9413dfdf50/_bootstrap-sprockets.scssc: can't dump anonymous class #<Class:0x00000004879660>

Warning. Error encountered while saving cache /home/bdriskill/workspace/FallingLava/tmp/cache/sass/efdcc5a24c5e228bde77b8d460d33a9413dfdf50/_bootstrap.scssc: can't dump anonymous class #<Class:0x00000004879660>

Warning. Error encountered while saving cache /home/bdriskill/workspace/FallingLava/tmp/cache/sass/0991b04194e517797516ef874688e3bbb1a4252d/_variables.scssc: can't dump anonymous class #<Class:0x00000004879660>

Warning. Error encountered while saving cache /home/bdriskill/workspace/FallingLava/tmp/cache/sass/0991b04194e517797516ef874688e3bbb1a4252d/_mixins.scssc: can't dump anonymous class #<Class:0x00000004879660>

Warning. Error encountered while saving cache /home/bdriskill/workspace/FallingLava/tmp/cache/sass/48bb6cd3dce483eb5fc9f67b9c0831ee92870480/_hide-text.scssc: can't dump anonymous class #<Class:0x00000004879660>

Warning. Error encountered while saving cache /home/bdriskill/workspace/FallingLava/tmp/cache/sass/48bb6cd3dce483eb5fc9f67b9c0831ee92870480/_opacity.scssc: can't dump anonymous class #<Class:0x00000004879660>

Warning. Error encountered while saving cache /home/bdriskill/workspace/FallingLava/tmp/cache/sass/48bb6cd3dce483eb5fc9f67b9c0831ee92870480/_image.scssc: can't dump anonymous class #<Class:0x00000004879660>

Warning. Error encountered while saving cache /home/bdriskill/workspace/FallingLava/tmp/cache/sass/48bb6cd3dce483eb5fc9f67b9c0831ee92870480/_labels.scssc: can't dump anonymous class #<Class:0x00000004879660>

Warning. Error encountered while saving cache /home/bdriskill/workspace/FallingLava/tmp/cache/sass/48bb6cd3dce483eb5fc9f67b9c0831ee92870480/_reset-filter.scssc: can't dump anonymous class #<Class:0x00000004879660>

Warning. Error encountered while saving cache /home/bdriskill/workspace/FallingLava/tmp/cache/sass/48bb6cd3dce483eb5fc9f67b9c0831ee92870480/_resize.scssc: can't dump anonymous class #<Class:0x00000004879660>

Warning. Error encountered while saving cache /home/bdriskill/workspace/FallingLava/tmp/cache/sass/48bb6cd3dce483eb5fc9f67b9c0831ee92870480/_responsive-visibility.scssc: can't dump anonymous class #<Class:0x00000004879660>

Warning. Error encountered while saving cache /home/bdriskill/workspace/FallingLava/tmp/cache/sass/48bb6cd3dce483eb5fc9f67b9c0831ee92870480/_size.scssc: can't dump anonymous class #<Class:0x00000004879660>

Warning. Error encountered while saving cache /home/bdriskill/workspace/FallingLava/tmp/cache/sass/48bb6cd3dce483eb5fc9f67b9c0831ee92870480/_tab-focus.scssc: can't dump anonymous class #<Class:0x00000004879660>

Warning. Error encountered while saving cache /home/bdriskill/workspace/FallingLava/tmp/cache/sass/48bb6cd3dce483eb5fc9f67b9c0831ee92870480/_text-emphasis.scssc: can't dump anonymous class #<Class:0x00000004879660>

Warning. Error encountered while saving cache /home/bdriskill/workspace/FallingLava/tmp/cache/sass/48bb6cd3dce483eb5fc9f67b9c0831ee92870480/_text-overflow.scssc: can't dump anonymous class #<Class:0x00000004879660>

Warning. Error encountered while saving cache /home/bdriskill/workspace/FallingLava/tmp/cache/sass/48bb6cd3dce483eb5fc9f67b9c0831ee92870480/_vendor-prefixes.scssc: can't dump anonymous class #<Class:0x00000004879660>

Warning. Error encountered while saving cache /home/bdriskill/workspace/FallingLava/tmp/cache/sass/48bb6cd3dce483eb5fc9f67b9c0831ee92870480/_alerts.scssc: can't dump anonymous class #<Class:0x00000004879660>

Warning. Error encountered while saving cache /home/bdriskill/workspace/FallingLava/tmp/cache/sass/48bb6cd3dce483eb5fc9f67b9c0831ee92870480/_buttons.scssc: can't dump anonymous class #<Class:0x00000004879660>

Warning. Error encountered while saving cache /home/bdriskill/workspace/FallingLava/tmp/cache/sass/48bb6cd3dce483eb5fc9f67b9c0831ee92870480/_panels.scssc: can't dump anonymous class #<Class:0x00000004879660>

Warning. Error encountered while saving cache /home/bdriskill/workspace/FallingLava/tmp/cache/sass/48bb6cd3dce483eb5fc9f67b9c0831ee92870480/_pagination.scssc: can't dump anonymous class #<Class:0x00000004879660>

Warning. Error encountered while saving cache /home/bdriskill/workspace/FallingLava/tmp/cache/sass/48bb6cd3dce483eb5fc9f67b9c0831ee92870480/_list-group.scssc: can't dump anonymous class #<Class:0x00000004879660>

Warning. Error encountered while saving cache /home/bdriskill/workspace/FallingLava/tmp/cache/sass/48bb6cd3dce483eb5fc9f67b9c0831ee92870480/_nav-divider.scssc: can't dump anonymous class #<Class:0x00000004879660>

Warning. Error encountered while saving cache /home/bdriskill/workspace/FallingLava/tmp/cache/sass/48bb6cd3dce483eb5fc9f67b9c0831ee92870480/_forms.scssc: can't dump anonymous class #<Class:0x00000004879660>

Warning. Error encountered while saving cache /home/bdriskill/workspace/FallingLava/tmp/cache/sass/48bb6cd3dce483eb5fc9f67b9c0831ee92870480/_progress-bar.scssc: can't dump anonymous class #<Class:0x00000004879660>

Warning. Error encountered while saving cache /home/bdriskill/workspace/FallingLava/tmp/cache/sass/48bb6cd3dce483eb5fc9f67b9c0831ee92870480/_table-row.scssc: can't dump anonymous class #<Class:0x00000004879660>

Warning. Error encountered while saving cache /home/bdriskill/workspace/FallingLava/tmp/cache/sass/48bb6cd3dce483eb5fc9f67b9c0831ee92870480/_background-variant.scssc: can't dump anonymous class #<Class:0x00000004879660>

Warning. Error encountered while saving cache /home/bdriskill/workspace/FallingLava/tmp/cache/sass/48bb6cd3dce483eb5fc9f67b9c0831ee92870480/_border-radius.scssc: can't dump anonymous class #<Class:0x00000004879660>

Warning. Error encountered while saving cache /home/bdriskill/workspace/FallingLava/tmp/cache/sass/48bb6cd3dce483eb5fc9f67b9c0831ee92870480/_gradients.scssc: can't dump anonymous class #<Class:0x00000004879660>

Warning. Error encountered while saving cache /home/bdriskill/workspace/FallingLava/tmp/cache/sass/48bb6cd3dce483eb5fc9f67b9c0831ee92870480/_clearfix.scssc: can't dump anonymous class #<Class:0x00000004879660>

Warning. Error encountered while saving cache /home/bdriskill/workspace/FallingLava/tmp/cache/sass/48bb6cd3dce483eb5fc9f67b9c0831ee92870480/_center-block.scssc: can't dump anonymous class #<Class:0x00000004879660>

Warning. Error encountered while saving cache /home/bdriskill/workspace/FallingLava/tmp/cache/sass/48bb6cd3dce483eb5fc9f67b9c0831ee92870480/_nav-vertical-align.scssc: can't dump anonymous class #<Class:0x00000004879660>

Warning. Error encountered while saving cache /home/bdriskill/workspace/FallingLava/tmp/cache/sass/48bb6cd3dce483eb5fc9f67b9c0831ee92870480/_grid-framework.scssc: can't dump anonymous class #<Class:0x00000004879660>

Warning. Error encountered while saving cache /home/bdriskill/workspace/FallingLava/tmp/cache/sass/48bb6cd3dce483eb5fc9f67b9c0831ee92870480/_grid.scssc: can't dump anonymous class #<Class:0x00000004879660>

Warning. Error encountered while saving cache /home/bdriskill/workspace/FallingLava/tmp/cache/sass/0991b04194e517797516ef874688e3bbb1a4252d/_normalize.scssc: can't dump anonymous class #<Class:0x00000004879660>

Warning. Error encountered while saving cache /home/bdriskill/workspace/FallingLava/tmp/cache/sass/0991b04194e517797516ef874688e3bbb1a4252d/_print.scssc: can't dump anonymous class #<Class:0x00000004879660>

Warning. Error encountered while saving cache /home/bdriskill/workspace/FallingLava/tmp/cache/sass/0991b04194e517797516ef874688e3bbb1a4252d/_glyphicons.scssc: can't dump anonymous class #<Class:0x00000004879660>

Warning. Error encountered while saving cache /home/bdriskill/workspace/FallingLava/tmp/cache/sass/0991b04194e517797516ef874688e3bbb1a4252d/_scaffolding.scssc: can't dump anonymous class #<Class:0x00000004879660>

Warning. Error encountered while saving cache /home/bdriskill/workspace/FallingLava/tmp/cache/sass/0991b04194e517797516ef874688e3bbb1a4252d/_type.scssc: can't dump anonymous class #<Class:0x00000004879660>

Warning. Error encountered while saving cache /home/bdriskill/workspace/FallingLava/tmp/cache/sass/0991b04194e517797516ef874688e3bbb1a4252d/_code.scssc: can't dump anonymous class #<Class:0x00000004879660>

Warning. Error encountered while saving cache /home/bdriskill/workspace/FallingLava/tmp/cache/sass/0991b04194e517797516ef874688e3bbb1a4252d/_grid.scssc: can't dump anonymous class #<Class:0x00000004879660>

Warning. Error encountered while saving cache /home/bdriskill/workspace/FallingLava/tmp/cache/sass/0991b04194e517797516ef874688e3bbb1a4252d/_tables.scssc: can't dump anonymous class #<Class:0x00000004879660>

Warning. Error encountered while saving cache /home/bdriskill/workspace/FallingLava/tmp/cache/sass/0991b04194e517797516ef874688e3bbb1a4252d/_forms.scssc: can't dump anonymous class #<Class:0x00000004879660>

Warning. Error encountered while saving cache /home/bdriskill/workspace/FallingLava/tmp/cache/sass/0991b04194e517797516ef874688e3bbb1a4252d/_buttons.scssc: can't dump anonymous class #<Class:0x00000004879660>

Warning. Error encountered while saving cache /home/bdriskill/workspace/FallingLava/tmp/cache/sass/0991b04194e517797516ef874688e3bbb1a4252d/_component-animations.scssc: can't dump anonymous class #<Class:0x00000004879660>

Warning. Error encountered while saving cache /home/bdriskill/workspace/FallingLava/tmp/cache/sass/0991b04194e517797516ef874688e3bbb1a4252d/_dropdowns.scssc: can't dump anonymous class #<Class:0x00000004879660>

Warning. Error encountered while saving cache /home/bdriskill/workspace/FallingLava/tmp/cache/sass/0991b04194e517797516ef874688e3bbb1a4252d/_button-groups.scssc: can't dump anonymous class #<Class:0x00000004879660>

Warning. Error encountered while saving cache /home/bdriskill/workspace/FallingLava/tmp/cache/sass/0991b04194e517797516ef874688e3bbb1a4252d/_input-groups.scssc: can't dump anonymous class #<Class:0x00000004879660>

Warning. Error encountered while saving cache /home/bdriskill/workspace/FallingLava/tmp/cache/sass/0991b04194e517797516ef874688e3bbb1a4252d/_navs.scssc: can't dump anonymous class #<Class:0x00000004879660>

Warning. Error encountered while saving cache /home/bdriskill/workspace/FallingLava/tmp/cache/sass/0991b04194e517797516ef874688e3bbb1a4252d/_navbar.scssc: can't dump anonymous class #<Class:0x00000004879660>

Warning. Error encountered while saving cache /home/bdriskill/workspace/FallingLava/tmp/cache/sass/0991b04194e517797516ef874688e3bbb1a4252d/_breadcrumbs.scssc: can't dump anonymous class #<Class:0x00000004879660>

Warning. Error encountered while saving cache /home/bdriskill/workspace/FallingLava/tmp/cache/sass/0991b04194e517797516ef874688e3bbb1a4252d/_pagination.scssc: can't dump anonymous class #<Class:0x00000004879660>

Warning. Error encountered while saving cache /home/bdriskill/workspace/FallingLava/tmp/cache/sass/0991b04194e517797516ef874688e3bbb1a4252d/_pager.scssc: can't dump anonymous class #<Class:0x00000004879660>

Warning. Error encountered while saving cache /home/bdriskill/workspace/FallingLava/tmp/cache/sass/0991b04194e517797516ef874688e3bbb1a4252d/_labels.scssc: can't dump anonymous class #<Class:0x00000004879660>

Warning. Error encountered while saving cache /home/bdriskill/workspace/FallingLava/tmp/cache/sass/0991b04194e517797516ef874688e3bbb1a4252d/_badges.scssc: can't dump anonymous class #<Class:0x00000004879660>

Warning. Error encountered while saving cache /home/bdriskill/workspace/FallingLava/tmp/cache/sass/0991b04194e517797516ef874688e3bbb1a4252d/_jumbotron.scssc: can't dump anonymous class #<Class:0x00000004879660>

Warning. Error encountered while saving cache /home/bdriskill/workspace/FallingLava/tmp/cache/sass/0991b04194e517797516ef874688e3bbb1a4252d/_thumbnails.scssc: can't dump anonymous class #<Class:0x00000004879660>

Warning. Error encountered while saving cache /home/bdriskill/workspace/FallingLava/tmp/cache/sass/0991b04194e517797516ef874688e3bbb1a4252d/_alerts.scssc: can't dump anonymous class #<Class:0x00000004879660>

Warning. Error encountered while saving cache /home/bdriskill/workspace/FallingLava/tmp/cache/sass/0991b04194e517797516ef874688e3bbb1a4252d/_progress-bars.scssc: can't dump anonymous class #<Class:0x00000004879660>

Warning. Error encountered while saving cache /home/bdriskill/workspace/FallingLava/tmp/cache/sass/0991b04194e517797516ef874688e3bbb1a4252d/_media.scssc: can't dump anonymous class #<Class:0x00000004879660>

Warning. Error encountered while saving cache /home/bdriskill/workspace/FallingLava/tmp/cache/sass/0991b04194e517797516ef874688e3bbb1a4252d/_list-group.scssc: can't dump anonymous class #<Class:0x00000004879660>

Warning. Error encountered while saving cache /home/bdriskill/workspace/FallingLava/tmp/cache/sass/0991b04194e517797516ef874688e3bbb1a4252d/_panels.scssc: can't dump anonymous class #<Class:0x00000004879660>

Warning. Error encountered while saving cache /home/bdriskill/workspace/FallingLava/tmp/cache/sass/0991b04194e517797516ef874688e3bbb1a4252d/_responsive-embed.scssc: can't dump anonymous class #<Class:0x00000004879660>

Warning. Error encountered while saving cache /home/bdriskill/workspace/FallingLava/tmp/cache/sass/0991b04194e517797516ef874688e3bbb1a4252d/_wells.scssc: can't dump anonymous class #<Class:0x00000004879660>

Warning. Error encountered while saving cache /home/bdriskill/workspace/FallingLava/tmp/cache/sass/0991b04194e517797516ef874688e3bbb1a4252d/_close.scssc: can't dump anonymous class #<Class:0x00000004879660>

Warning. Error encountered while saving cache /home/bdriskill/workspace/FallingLava/tmp/cache/sass/0991b04194e517797516ef874688e3bbb1a4252d/_modals.scssc: can't dump anonymous class #<Class:0x00000004879660>

Warning. Error encountered while saving cache /home/bdriskill/workspace/FallingLava/tmp/cache/sass/0991b04194e517797516ef874688e3bbb1a4252d/_tooltip.scssc: can't dump anonymous class #<Class:0x00000004879660>

Warning. Error encountered while saving cache /home/bdriskill/workspace/FallingLava/tmp/cache/sass/0991b04194e517797516ef874688e3bbb1a4252d/_popovers.scssc: can't dump anonymous class #<Class:0x00000004879660>

Warning. Error encountered while saving cache /home/bdriskill/workspace/FallingLava/tmp/cache/sass/0991b04194e517797516ef874688e3bbb1a4252d/_carousel.scssc: can't dump anonymous class #<Class:0x00000004879660>

Warning. Error encountered while saving cache /home/bdriskill/workspace/FallingLava/tmp/cache/sass/0991b04194e517797516ef874688e3bbb1a4252d/_utilities.scssc: can't dump anonymous class #<Class:0x00000004879660>

Warning. Error encountered while saving cache /home/bdriskill/workspace/FallingLava/tmp/cache/sass/0991b04194e517797516ef874688e3bbb1a4252d/_responsive-utilities.scssc: can't dump anonymous class #<Class:0x00000004879660>

Compiled application.css  (2820ms)  (pid 4986)
